<?xml version="1.0" encoding="UTF-8"?>
<!-- Generated by org.testng.reporters.JUnitReportReporter -->
<testsuite skipped="1" hostname="CybertekSchools-iMac-2.local" name="com.bookit.tests.JDBCTests" tests="2" failures="0" timestamp="08 Jan 2019 03:33:40 GMT" time="0.102" errors="0">
  <testcase name="JDBCMetadata" time="0.102" classname="com.bookit.tests.JDBCTests"/>
  <testcase name="DbUtils" classname="com.bookit.tests.JDBCTests">
    <skipped/>
  </testcase> <!-- DbUtils -->
</testsuite> <!-- com.bookit.tests.JDBCTests -->
