<?xml version="1.0" encoding="UTF-8"?>
<!-- Generated by org.testng.reporters.JUnitReportReporter -->
<testsuite skipped="3" hostname="CybertekSchools-iMac-2.local" name="com.bookit.tests.JDBCTest" tests="4" failures="0" timestamp="08 Jan 2019 21:00:37 GMT" time="0.109" errors="0">
  <testcase name="useDBUtils2" time="0.109" classname="com.bookit.tests.JDBCTest"/>
  <testcase name="JDBCMetaData" classname="com.bookit.tests.JDBCTest">
    <skipped/>
  </testcase> <!-- JDBCMetaData -->
  <testcase name="PostGreSQL" classname="com.bookit.tests.JDBCTest">
    <skipped/>
  </testcase> <!-- PostGreSQL -->
  <testcase name="DBUtil" classname="com.bookit.tests.JDBCTest">
    <skipped/>
  </testcase> <!-- DBUtil -->
</testsuite> <!-- com.bookit.tests.JDBCTest -->
